<project xmlns="http://maven.apache.org/POM/4.0.0"
         xmlns:xsi="http://www.w3.org/2001/XMLSchema-instance"
         xsi:schemaLocation="http://maven.apache.org/POM/4.0.0 http://maven.apache.org/maven-v4_0_0.xsd">

    <modelVersion>4.0.0</modelVersion>
    <groupId>com.patxi</groupId>
    <artifactId>poetimizely-maven-plugin-test</artifactId>

    <build>
        <plugins>
            <plugin>
                <groupId>com.patxi</groupId>
                <artifactId>poetimizely-maven-plugin</artifactId>
                <configuration>
                    <optimizelyProjectId>123456789</optimizelyProjectId>
                    <optimizelyToken>t0kâ‚¬n</optimizelyToken>
                    <packageName>what.ever.pack.age</packageName>
                </configuration>
            </plugin>
        </plugins>
    </build>
</project>